0 info it worked if it ends with ok
1 verbose cli [ '/usr/bin/node', '/usr/bin/npm', 'run', 'start' ]
2 info using npm@3.10.5
3 info using node@v4.2.1
4 verbose stack Error: Failed to parse json
4 verbose stack Unexpected token '"' at 8:9
4 verbose stack     "//""devtest": "webpack-dev-server --config webpack.tests.config.js",
4 verbose stack         ^
4 verbose stack     at parseError (/usr/lib/node_modules/npm/node_modules/read-package-json/read-json.js:390:11)
4 verbose stack     at parseJson (/usr/lib/node_modules/npm/node_modules/read-package-json/read-json.js:79:23)
4 verbose stack     at /usr/lib/node_modules/npm/node_modules/read-package-json/read-json.js:48:5
4 verbose stack     at /usr/lib/node_modules/npm/node_modules/graceful-fs/graceful-fs.js:78:16
4 verbose stack     at FSReqWrap.readFileAfterClose [as oncomplete] (fs.js:380:3)
5 verbose cwd /src
6 error Linux 4.1.13-boot2docker
7 error argv "/usr/bin/node" "/usr/bin/npm" "run" "start"
8 error node v4.2.1
9 error npm  v3.10.5
10 error file /src/package.json
11 error code EJSONPARSE
12 error Failed to parse json
12 error Unexpected token '"' at 8:9
12 error     "//""devtest": "webpack-dev-server --config webpack.tests.config.js",
12 error         ^
13 error File: /src/package.json
14 error Failed to parse package.json data.
14 error package.json must be actual JSON, not just JavaScript.
14 error
14 error This is not a bug in npm.
14 error Tell the package author to fix their package.json file. JSON.parse
15 verbose exit [ 1, true ]
